<?xml version="1.0" encoding="UTF-8"?>
<!-- Generated by org.testng.reporters.JUnitReportReporter -->
<testsuite skipped="0" hostname="Mds-MacBook-Air.local" name="Com.talentech.runner.Runner" tests="1" failures="0" timestamp="2020-07-03T19:17:24 EDT" time="17.535" errors="0">
  <testcase name="feature" time="17.535" classname="Com.talentech.runner.Runner"/>
</testsuite> <!-- Com.talentech.runner.Runner -->
