<?xml version="1.0" encoding="UTF-8"?>
<!-- Generated by org.testng.reporters.JUnitReportReporter -->
<testsuite hostname="Mds-MacBook-Air.local" failures="0" tests="1" name="Com.talentech.runner.Runner" time="22.878" errors="0" timestamp="2020-06-17T19:38:38 EDT" skipped="0">
  <testcase classname="Com.talentech.runner.Runner" name="feature" time="22.878"/>
  <system-out/>
</testsuite> <!-- Com.talentech.runner.Runner -->
